   0  $accept : file $end

   1  file : decls
   2       |

   3  decl : variable ';'
   4       | function

   5  decls : decl
   6        | decls decl

   7  declvar : variable ';'

   8  declsvar : declvar
   9           | declsvar declvar

  10  variable : tPUBLIC type tIDENTIFIER '=' expr
  11           | type tIDENTIFIER '=' expr
  12           | tPUBLIC type tIDENTIFIER
  13           | tUSE type tIDENTIFIER
  14           | type tIDENTIFIER

  15  functionvars : fvars
  16               |

  17  fvars : fvar
  18        | fvars ',' fvar

  19  fvar : type tIDENTIFIER

  20  function : tPUBLIC type tIDENTIFIER '(' functionvars ')' '=' literal body
  21           | type tIDENTIFIER '(' functionvars ')' '=' literal body
  22           | tPUBLIC type tIDENTIFIER '(' functionvars ')' body
  23           | type tIDENTIFIER '(' functionvars ')' body
  24           | tPUBLIC tPROCEDURE tIDENTIFIER '(' functionvars ')' body
  25           | tPROCEDURE tIDENTIFIER '(' functionvars ')' body
  26           | tPUBLIC type tIDENTIFIER '(' functionvars ')'
  27           | tPUBLIC tPROCEDURE tIDENTIFIER '(' functionvars ')'
  28           | tUSE type tIDENTIFIER '(' functionvars ')'
  29           | type tIDENTIFIER '(' functionvars ')'
  30           | tUSE tPROCEDURE tIDENTIFIER '(' functionvars ')'
  31           | tPROCEDURE tIDENTIFIER '(' functionvars ')'

  32  type : tTYPEINT
  33       | tTYPEREAL
  34       | tTYPESTRING
  35       | '[' type ']'

  36  body : block

  37  block : '{' declsvar instrs '}'
  38        | '{' declsvar '}'
  39        | '{' instrs '}'
  40        | '{' '}'

  41  instr : expr ';'
  42        | expr '!'
  43        | expr tPRINTLINE
  44        | tNEXT
  45        | tSTOP
  46        | tRETURN
  47        | condinstr
  48        | loopinstr
  49        | block
  50        | tFROM expr tTO expr tAPPLY tIDENTIFIER tTO tIDENTIFIER

  51  instrs : instr
  52         | instrs instr

  53  condinstr : tIF condinstrelseif

  54  condinstrelseif : '(' expr ')' instr
  55                  | '(' expr ')' instr tELSE instr
  56                  | '(' expr ')' instr tELSIF condinstrelseif

  57  loopinstr : tWHILE '(' expr ')' instr
  58            | tSWEEP '+' '(' lval ':' expr ':' expr ':' expr ')' instr
  59            | tSWEEP '+' '(' lval ':' expr ':' expr ')' instr
  60            | tSWEEP '-' '(' lval ':' expr ':' expr ':' expr ')' instr
  61            | tSWEEP '-' '(' lval ':' expr ':' expr ')' instr

  62  expr : literal
  63       | '@'
  64       | '-' expr
  65       | '+' expr
  66       | lval '?'
  67       | expr '+' expr
  68       | expr '-' expr
  69       | expr '*' expr
  70       | expr '/' expr
  71       | expr '%' expr
  72       | expr '<' expr
  73       | expr '>' expr
  74       | expr tGE expr
  75       | expr tLE expr
  76       | expr tNE expr
  77       | expr tEQ expr
  78       | '~' expr
  79       | expr '&' expr
  80       | expr '|' expr
  81       | '(' expr ')'
  82       | '[' expr ']'
  83       | lval
  84       | lval '=' expr
  85       | tIDENTIFIER '(' functionargs ')'

  86  exprs : expr
  87        | exprs ',' expr

  88  functionargs : exprs
  89               |

  90  literal : tINTEGER
  91          | tREAL
  92          | strings
  93          | tNULL

  94  strings : tSTRING
  95          | strings tSTRING

  96  lval : tIDENTIFIER
  97       | expr '[' expr ']'

state 0
	$accept : . file $end  (0)
	file : .  (2)

	tPROCEDURE  shift 1
	tPUBLIC  shift 2
	tUSE  shift 3
	tTYPEINT  shift 4
	tTYPEREAL  shift 5
	tTYPESTRING  shift 6
	'['  shift 7
	$end  reduce 2

	file  goto 8
	decl  goto 9
	variable  goto 10
	function  goto 11
	decls  goto 12
	type  goto 13


state 1
	function : tPROCEDURE . tIDENTIFIER '(' functionvars ')' body  (25)
	function : tPROCEDURE . tIDENTIFIER '(' functionvars ')'  (31)

	tIDENTIFIER  shift 14
	.  error


state 2
	variable : tPUBLIC . type tIDENTIFIER '=' expr  (10)
	variable : tPUBLIC . type tIDENTIFIER  (12)
	function : tPUBLIC . type tIDENTIFIER '(' functionvars ')' '=' literal body  (20)
	function : tPUBLIC . type tIDENTIFIER '(' functionvars ')' body  (22)
	function : tPUBLIC . tPROCEDURE tIDENTIFIER '(' functionvars ')' body  (24)
	function : tPUBLIC . type tIDENTIFIER '(' functionvars ')'  (26)
	function : tPUBLIC . tPROCEDURE tIDENTIFIER '(' functionvars ')'  (27)

	tPROCEDURE  shift 15
	tTYPEINT  shift 4
	tTYPEREAL  shift 5
	tTYPESTRING  shift 6
	'['  shift 7
	.  error

	type  goto 16


state 3
	variable : tUSE . type tIDENTIFIER  (13)
	function : tUSE . type tIDENTIFIER '(' functionvars ')'  (28)
	function : tUSE . tPROCEDURE tIDENTIFIER '(' functionvars ')'  (30)

	tPROCEDURE  shift 17
	tTYPEINT  shift 4
	tTYPEREAL  shift 5
	tTYPESTRING  shift 6
	'['  shift 7
	.  error

	type  goto 18


state 4
	type : tTYPEINT .  (32)

	.  reduce 32


state 5
	type : tTYPEREAL .  (33)

	.  reduce 33


state 6
	type : tTYPESTRING .  (34)

	.  reduce 34


state 7
	type : '[' . type ']'  (35)

	tTYPEINT  shift 4
	tTYPEREAL  shift 5
	tTYPESTRING  shift 6
	'['  shift 7
	.  error

	type  goto 19


state 8
	$accept : file . $end  (0)

	$end  accept


state 9
	decls : decl .  (5)

	.  reduce 5


state 10
	decl : variable . ';'  (3)

	';'  shift 20
	.  error


state 11
	decl : function .  (4)

	.  reduce 4


state 12
	file : decls .  (1)
	decls : decls . decl  (6)

	tPROCEDURE  shift 1
	tPUBLIC  shift 2
	tUSE  shift 3
	tTYPEINT  shift 4
	tTYPEREAL  shift 5
	tTYPESTRING  shift 6
	'['  shift 7
	$end  reduce 1

	decl  goto 21
	variable  goto 10
	function  goto 11
	type  goto 13


state 13
	variable : type . tIDENTIFIER '=' expr  (11)
	variable : type . tIDENTIFIER  (14)
	function : type . tIDENTIFIER '(' functionvars ')' '=' literal body  (21)
	function : type . tIDENTIFIER '(' functionvars ')' body  (23)
	function : type . tIDENTIFIER '(' functionvars ')'  (29)

	tIDENTIFIER  shift 22
	.  error


state 14
	function : tPROCEDURE tIDENTIFIER . '(' functionvars ')' body  (25)
	function : tPROCEDURE tIDENTIFIER . '(' functionvars ')'  (31)

	'('  shift 23
	.  error


state 15
	function : tPUBLIC tPROCEDURE . tIDENTIFIER '(' functionvars ')' body  (24)
	function : tPUBLIC tPROCEDURE . tIDENTIFIER '(' functionvars ')'  (27)

	tIDENTIFIER  shift 24
	.  error


state 16
	variable : tPUBLIC type . tIDENTIFIER '=' expr  (10)
	variable : tPUBLIC type . tIDENTIFIER  (12)
	function : tPUBLIC type . tIDENTIFIER '(' functionvars ')' '=' literal body  (20)
	function : tPUBLIC type . tIDENTIFIER '(' functionvars ')' body  (22)
	function : tPUBLIC type . tIDENTIFIER '(' functionvars ')'  (26)

	tIDENTIFIER  shift 25
	.  error


state 17
	function : tUSE tPROCEDURE . tIDENTIFIER '(' functionvars ')'  (30)

	tIDENTIFIER  shift 26
	.  error


state 18
	variable : tUSE type . tIDENTIFIER  (13)
	function : tUSE type . tIDENTIFIER '(' functionvars ')'  (28)

	tIDENTIFIER  shift 27
	.  error


state 19
	type : '[' type . ']'  (35)

	']'  shift 28
	.  error


state 20
	decl : variable ';' .  (3)

	.  reduce 3


state 21
	decls : decls decl .  (6)

	.  reduce 6


state 22
	variable : type tIDENTIFIER . '=' expr  (11)
	variable : type tIDENTIFIER .  (14)
	function : type tIDENTIFIER . '(' functionvars ')' '=' literal body  (21)
	function : type tIDENTIFIER . '(' functionvars ')' body  (23)
	function : type tIDENTIFIER . '(' functionvars ')'  (29)

	'='  shift 29
	'('  shift 30
	';'  reduce 14


state 23
	function : tPROCEDURE tIDENTIFIER '(' . functionvars ')' body  (25)
	function : tPROCEDURE tIDENTIFIER '(' . functionvars ')'  (31)
	functionvars : .  (16)

	tTYPEINT  shift 4
	tTYPEREAL  shift 5
	tTYPESTRING  shift 6
	'['  shift 7
	')'  reduce 16

	fvar  goto 31
	fvars  goto 32
	functionvars  goto 33
	type  goto 34


state 24
	function : tPUBLIC tPROCEDURE tIDENTIFIER . '(' functionvars ')' body  (24)
	function : tPUBLIC tPROCEDURE tIDENTIFIER . '(' functionvars ')'  (27)

	'('  shift 35
	.  error


state 25
	variable : tPUBLIC type tIDENTIFIER . '=' expr  (10)
	variable : tPUBLIC type tIDENTIFIER .  (12)
	function : tPUBLIC type tIDENTIFIER . '(' functionvars ')' '=' literal body  (20)
	function : tPUBLIC type tIDENTIFIER . '(' functionvars ')' body  (22)
	function : tPUBLIC type tIDENTIFIER . '(' functionvars ')'  (26)

	'='  shift 36
	'('  shift 37
	';'  reduce 12


state 26
	function : tUSE tPROCEDURE tIDENTIFIER . '(' functionvars ')'  (30)

	'('  shift 38
	.  error


state 27
	variable : tUSE type tIDENTIFIER .  (13)
	function : tUSE type tIDENTIFIER . '(' functionvars ')'  (28)

	'('  shift 39
	';'  reduce 13


state 28
	type : '[' type ']' .  (35)

	.  reduce 35


state 29
	variable : type tIDENTIFIER '=' . expr  (11)

	tINTEGER  shift 40
	tREAL  shift 41
	tIDENTIFIER  shift 42
	tSTRING  shift 43
	tNULL  shift 44
	'~'  shift 45
	'+'  shift 46
	'-'  shift 47
	'['  shift 48
	'('  shift 49
	'@'  shift 50
	.  error

	expr  goto 51
	literal  goto 52
	lval  goto 53
	strings  goto 54


state 30
	function : type tIDENTIFIER '(' . functionvars ')' '=' literal body  (21)
	function : type tIDENTIFIER '(' . functionvars ')' body  (23)
	function : type tIDENTIFIER '(' . functionvars ')'  (29)
	functionvars : .  (16)

	tTYPEINT  shift 4
	tTYPEREAL  shift 5
	tTYPESTRING  shift 6
	'['  shift 7
	')'  reduce 16

	fvar  goto 31
	fvars  goto 32
	functionvars  goto 55
	type  goto 34


state 31
	fvars : fvar .  (17)

	.  reduce 17


state 32
	functionvars : fvars .  (15)
	fvars : fvars . ',' fvar  (18)

	','  shift 56
	')'  reduce 15


state 33
	function : tPROCEDURE tIDENTIFIER '(' functionvars . ')' body  (25)
	function : tPROCEDURE tIDENTIFIER '(' functionvars . ')'  (31)

	')'  shift 57
	.  error


state 34
	fvar : type . tIDENTIFIER  (19)

	tIDENTIFIER  shift 58
	.  error


state 35
	function : tPUBLIC tPROCEDURE tIDENTIFIER '(' . functionvars ')' body  (24)
	function : tPUBLIC tPROCEDURE tIDENTIFIER '(' . functionvars ')'  (27)
	functionvars : .  (16)

	tTYPEINT  shift 4
	tTYPEREAL  shift 5
	tTYPESTRING  shift 6
	'['  shift 7
	')'  reduce 16

	fvar  goto 31
	fvars  goto 32
	functionvars  goto 59
	type  goto 34


state 36
	variable : tPUBLIC type tIDENTIFIER '=' . expr  (10)

	tINTEGER  shift 40
	tREAL  shift 41
	tIDENTIFIER  shift 42
	tSTRING  shift 43
	tNULL  shift 44
	'~'  shift 45
	'+'  shift 46
	'-'  shift 47
	'['  shift 48
	'('  shift 49
	'@'  shift 50
	.  error

	expr  goto 60
	literal  goto 52
	lval  goto 53
	strings  goto 54


state 37
	function : tPUBLIC type tIDENTIFIER '(' . functionvars ')' '=' literal body  (20)
	function : tPUBLIC type tIDENTIFIER '(' . functionvars ')' body  (22)
	function : tPUBLIC type tIDENTIFIER '(' . functionvars ')'  (26)
	functionvars : .  (16)

	tTYPEINT  shift 4
	tTYPEREAL  shift 5
	tTYPESTRING  shift 6
	'['  shift 7
	')'  reduce 16

	fvar  goto 31
	fvars  goto 32
	functionvars  goto 61
	type  goto 34


state 38
	function : tUSE tPROCEDURE tIDENTIFIER '(' . functionvars ')'  (30)
	functionvars : .  (16)

	tTYPEINT  shift 4
	tTYPEREAL  shift 5
	tTYPESTRING  shift 6
	'['  shift 7
	')'  reduce 16

	fvar  goto 31
	fvars  goto 32
	functionvars  goto 62
	type  goto 34


state 39
	function : tUSE type tIDENTIFIER '(' . functionvars ')'  (28)
	functionvars : .  (16)

	tTYPEINT  shift 4
	tTYPEREAL  shift 5
	tTYPESTRING  shift 6
	'['  shift 7
	')'  reduce 16

	fvar  goto 31
	fvars  goto 32
	functionvars  goto 63
	type  goto 34


state 40
	literal : tINTEGER .  (90)

	.  reduce 90


state 41
	literal : tREAL .  (91)

	.  reduce 91


state 42
	expr : tIDENTIFIER . '(' functionargs ')'  (85)
	lval : tIDENTIFIER .  (96)

	'('  shift 64
	tPRINTLINE  reduce 96
	tTO  reduce 96
	tAPPLY  reduce 96
	'='  reduce 96
	'|'  reduce 96
	'&'  reduce 96
	tEQ  reduce 96
	tNE  reduce 96
	tGE  reduce 96
	tLE  reduce 96
	'>'  reduce 96
	'<'  reduce 96
	'+'  reduce 96
	'-'  reduce 96
	'*'  reduce 96
	'/'  reduce 96
	'%'  reduce 96
	'?'  reduce 96
	'['  reduce 96
	';'  reduce 96
	','  reduce 96
	')'  reduce 96
	']'  reduce 96
	'!'  reduce 96
	':'  reduce 96


state 43
	strings : tSTRING .  (94)

	.  reduce 94


state 44
	literal : tNULL .  (93)

	.  reduce 93


state 45
	expr : '~' . expr  (78)

	tINTEGER  shift 40
	tREAL  shift 41
	tIDENTIFIER  shift 42
	tSTRING  shift 43
	tNULL  shift 44
	'~'  shift 45
	'+'  shift 46
	'-'  shift 47
	'['  shift 48
	'('  shift 49
	'@'  shift 50
	.  error

	expr  goto 65
	literal  goto 52
	lval  goto 53
	strings  goto 54


state 46
	expr : '+' . expr  (65)

	tINTEGER  shift 40
	tREAL  shift 41
	tIDENTIFIER  shift 42
	tSTRING  shift 43
	tNULL  shift 44
	'~'  shift 45
	'+'  shift 46
	'-'  shift 47
	'['  shift 48
	'('  shift 49
	'@'  shift 50
	.  error

	expr  goto 66
	literal  goto 52
	lval  goto 53
	strings  goto 54


state 47
	expr : '-' . expr  (64)

	tINTEGER  shift 40
	tREAL  shift 41
	tIDENTIFIER  shift 42
	tSTRING  shift 43
	tNULL  shift 44
	'~'  shift 45
	'+'  shift 46
	'-'  shift 47
	'['  shift 48
	'('  shift 49
	'@'  shift 50
	.  error

	expr  goto 67
	literal  goto 52
	lval  goto 53
	strings  goto 54


state 48
	expr : '[' . expr ']'  (82)

	tINTEGER  shift 40
	tREAL  shift 41
	tIDENTIFIER  shift 42
	tSTRING  shift 43
	tNULL  shift 44
	'~'  shift 45
	'+'  shift 46
	'-'  shift 47
	'['  shift 48
	'('  shift 49
	'@'  shift 50
	.  error

	expr  goto 68
	literal  goto 52
	lval  goto 53
	strings  goto 54


state 49
	expr : '(' . expr ')'  (81)

	tINTEGER  shift 40
	tREAL  shift 41
	tIDENTIFIER  shift 42
	tSTRING  shift 43
	tNULL  shift 44
	'~'  shift 45
	'+'  shift 46
	'-'  shift 47
	'['  shift 48
	'('  shift 49
	'@'  shift 50
	.  error

	expr  goto 69
	literal  goto 52
	lval  goto 53
	strings  goto 54


state 50
	expr : '@' .  (63)

	.  reduce 63


state 51
	variable : type tIDENTIFIER '=' expr .  (11)
	expr : expr . '+' expr  (67)
	expr : expr . '-' expr  (68)
	expr : expr . '*' expr  (69)
	expr : expr . '/' expr  (70)
	expr : expr . '%' expr  (71)
	expr : expr . '<' expr  (72)
	expr : expr . '>' expr  (73)
	expr : expr . tGE expr  (74)
	expr : expr . tLE expr  (75)
	expr : expr . tNE expr  (76)
	expr : expr . tEQ expr  (77)
	expr : expr . '&' expr  (79)
	expr : expr . '|' expr  (80)
	lval : expr . '[' expr ']'  (97)

	'|'  shift 70
	'&'  shift 71
	tEQ  shift 72
	tNE  shift 73
	tGE  shift 74
	tLE  shift 75
	'>'  shift 76
	'<'  shift 77
	'+'  shift 78
	'-'  shift 79
	'*'  shift 80
	'/'  shift 81
	'%'  shift 82
	'['  shift 83
	';'  reduce 11


state 52
	expr : literal .  (62)

	.  reduce 62


state 53
	expr : lval . '?'  (66)
	expr : lval .  (83)
	expr : lval . '=' expr  (84)

	'='  shift 84
	'?'  shift 85
	tPRINTLINE  reduce 83
	tTO  reduce 83
	tAPPLY  reduce 83
	'|'  reduce 83
	'&'  reduce 83
	tEQ  reduce 83
	tNE  reduce 83
	tGE  reduce 83
	tLE  reduce 83
	'>'  reduce 83
	'<'  reduce 83
	'+'  reduce 83
	'-'  reduce 83
	'*'  reduce 83
	'/'  reduce 83
	'%'  reduce 83
	'['  reduce 83
	';'  reduce 83
	','  reduce 83
	')'  reduce 83
	']'  reduce 83
	'!'  reduce 83
	':'  reduce 83


state 54
	literal : strings .  (92)
	strings : strings . tSTRING  (95)

	tSTRING  shift 86
	tPRINTLINE  reduce 92
	tTO  reduce 92
	tAPPLY  reduce 92
	'|'  reduce 92
	'&'  reduce 92
	tEQ  reduce 92
	tNE  reduce 92
	tGE  reduce 92
	tLE  reduce 92
	'>'  reduce 92
	'<'  reduce 92
	'+'  reduce 92
	'-'  reduce 92
	'*'  reduce 92
	'/'  reduce 92
	'%'  reduce 92
	'['  reduce 92
	';'  reduce 92
	','  reduce 92
	')'  reduce 92
	']'  reduce 92
	'{'  reduce 92
	'!'  reduce 92
	':'  reduce 92


state 55
	function : type tIDENTIFIER '(' functionvars . ')' '=' literal body  (21)
	function : type tIDENTIFIER '(' functionvars . ')' body  (23)
	function : type tIDENTIFIER '(' functionvars . ')'  (29)

	')'  shift 87
	.  error


state 56
	fvars : fvars ',' . fvar  (18)

	tTYPEINT  shift 4
	tTYPEREAL  shift 5
	tTYPESTRING  shift 6
	'['  shift 7
	.  error

	fvar  goto 88
	type  goto 34


state 57
	function : tPROCEDURE tIDENTIFIER '(' functionvars ')' . body  (25)
	function : tPROCEDURE tIDENTIFIER '(' functionvars ')' .  (31)

	'{'  shift 89
	$end  reduce 31
	tPROCEDURE  reduce 31
	tPUBLIC  reduce 31
	tUSE  reduce 31
	tTYPEINT  reduce 31
	tTYPEREAL  reduce 31
	tTYPESTRING  reduce 31
	'['  reduce 31

	body  goto 90
	block  goto 91


state 58
	fvar : type tIDENTIFIER .  (19)

	.  reduce 19


state 59
	function : tPUBLIC tPROCEDURE tIDENTIFIER '(' functionvars . ')' body  (24)
	function : tPUBLIC tPROCEDURE tIDENTIFIER '(' functionvars . ')'  (27)

	')'  shift 92
	.  error


state 60
	variable : tPUBLIC type tIDENTIFIER '=' expr .  (10)
	expr : expr . '+' expr  (67)
	expr : expr . '-' expr  (68)
	expr : expr . '*' expr  (69)
	expr : expr . '/' expr  (70)
	expr : expr . '%' expr  (71)
	expr : expr . '<' expr  (72)
	expr : expr . '>' expr  (73)
	expr : expr . tGE expr  (74)
	expr : expr . tLE expr  (75)
	expr : expr . tNE expr  (76)
	expr : expr . tEQ expr  (77)
	expr : expr . '&' expr  (79)
	expr : expr . '|' expr  (80)
	lval : expr . '[' expr ']'  (97)

	'|'  shift 70
	'&'  shift 71
	tEQ  shift 72
	tNE  shift 73
	tGE  shift 74
	tLE  shift 75
	'>'  shift 76
	'<'  shift 77
	'+'  shift 78
	'-'  shift 79
	'*'  shift 80
	'/'  shift 81
	'%'  shift 82
	'['  shift 83
	';'  reduce 10


state 61
	function : tPUBLIC type tIDENTIFIER '(' functionvars . ')' '=' literal body  (20)
	function : tPUBLIC type tIDENTIFIER '(' functionvars . ')' body  (22)
	function : tPUBLIC type tIDENTIFIER '(' functionvars . ')'  (26)

	')'  shift 93
	.  error


state 62
	function : tUSE tPROCEDURE tIDENTIFIER '(' functionvars . ')'  (30)

	')'  shift 94
	.  error


state 63
	function : tUSE type tIDENTIFIER '(' functionvars . ')'  (28)

	')'  shift 95
	.  error


state 64
	expr : tIDENTIFIER '(' . functionargs ')'  (85)
	functionargs : .  (89)

	tINTEGER  shift 40
	tREAL  shift 41
	tIDENTIFIER  shift 42
	tSTRING  shift 43
	tNULL  shift 44
	'~'  shift 45
	'+'  shift 46
	'-'  shift 47
	'['  shift 48
	'('  shift 49
	'@'  shift 50
	')'  reduce 89

	exprs  goto 96
	functionargs  goto 97
	expr  goto 98
	literal  goto 52
	lval  goto 53
	strings  goto 54


state 65
	expr : expr . '+' expr  (67)
	expr : expr . '-' expr  (68)
	expr : expr . '*' expr  (69)
	expr : expr . '/' expr  (70)
	expr : expr . '%' expr  (71)
	expr : expr . '<' expr  (72)
	expr : expr . '>' expr  (73)
	expr : expr . tGE expr  (74)
	expr : expr . tLE expr  (75)
	expr : expr . tNE expr  (76)
	expr : expr . tEQ expr  (77)
	expr : '~' expr .  (78)
	expr : expr . '&' expr  (79)
	expr : expr . '|' expr  (80)
	lval : expr . '[' expr ']'  (97)

	.  reduce 78


state 66
	expr : '+' expr .  (65)
	expr : expr . '+' expr  (67)
	expr : expr . '-' expr  (68)
	expr : expr . '*' expr  (69)
	expr : expr . '/' expr  (70)
	expr : expr . '%' expr  (71)
	expr : expr . '<' expr  (72)
	expr : expr . '>' expr  (73)
	expr : expr . tGE expr  (74)
	expr : expr . tLE expr  (75)
	expr : expr . tNE expr  (76)
	expr : expr . tEQ expr  (77)
	expr : expr . '&' expr  (79)
	expr : expr . '|' expr  (80)
	lval : expr . '[' expr ']'  (97)

	.  reduce 65


state 67
	expr : '-' expr .  (64)
	expr : expr . '+' expr  (67)
	expr : expr . '-' expr  (68)
	expr : expr . '*' expr  (69)
	expr : expr . '/' expr  (70)
	expr : expr . '%' expr  (71)
	expr : expr . '<' expr  (72)
	expr : expr . '>' expr  (73)
	expr : expr . tGE expr  (74)
	expr : expr . tLE expr  (75)
	expr : expr . tNE expr  (76)
	expr : expr . tEQ expr  (77)
	expr : expr . '&' expr  (79)
	expr : expr . '|' expr  (80)
	lval : expr . '[' expr ']'  (97)

	.  reduce 64


state 68
	expr : expr . '+' expr  (67)
	expr : expr . '-' expr  (68)
	expr : expr . '*' expr  (69)
	expr : expr . '/' expr  (70)
	expr : expr . '%' expr  (71)
	expr : expr . '<' expr  (72)
	expr : expr . '>' expr  (73)
	expr : expr . tGE expr  (74)
	expr : expr . tLE expr  (75)
	expr : expr . tNE expr  (76)
	expr : expr . tEQ expr  (77)
	expr : expr . '&' expr  (79)
	expr : expr . '|' expr  (80)
	expr : '[' expr . ']'  (82)
	lval : expr . '[' expr ']'  (97)

	'|'  shift 70
	'&'  shift 71
	tEQ  shift 72
	tNE  shift 73
	tGE  shift 74
	tLE  shift 75
	'>'  shift 76
	'<'  shift 77
	'+'  shift 78
	'-'  shift 79
	'*'  shift 80
	'/'  shift 81
	'%'  shift 82
	'['  shift 83
	']'  shift 99
	.  error


state 69
	expr : expr . '+' expr  (67)
	expr : expr . '-' expr  (68)
	expr : expr . '*' expr  (69)
	expr : expr . '/' expr  (70)
	expr : expr . '%' expr  (71)
	expr : expr . '<' expr  (72)
	expr : expr . '>' expr  (73)
	expr : expr . tGE expr  (74)
	expr : expr . tLE expr  (75)
	expr : expr . tNE expr  (76)
	expr : expr . tEQ expr  (77)
	expr : expr . '&' expr  (79)
	expr : expr . '|' expr  (80)
	expr : '(' expr . ')'  (81)
	lval : expr . '[' expr ']'  (97)

	'|'  shift 70
	'&'  shift 71
	tEQ  shift 72
	tNE  shift 73
	tGE  shift 74
	tLE  shift 75
	'>'  shift 76
	'<'  shift 77
	'+'  shift 78
	'-'  shift 79
	'*'  shift 80
	'/'  shift 81
	'%'  shift 82
	'['  shift 83
	')'  shift 100
	.  error


state 70
	expr : expr '|' . expr  (80)

	tINTEGER  shift 40
	tREAL  shift 41
	tIDENTIFIER  shift 42
	tSTRING  shift 43
	tNULL  shift 44
	'~'  shift 45
	'+'  shift 46
	'-'  shift 47
	'['  shift 48
	'('  shift 49
	'@'  shift 50
	.  error

	expr  goto 101
	literal  goto 52
	lval  goto 53
	strings  goto 54


state 71
	expr : expr '&' . expr  (79)

	tINTEGER  shift 40
	tREAL  shift 41
	tIDENTIFIER  shift 42
	tSTRING  shift 43
	tNULL  shift 44
	'~'  shift 45
	'+'  shift 46
	'-'  shift 47
	'['  shift 48
	'('  shift 49
	'@'  shift 50
	.  error

	expr  goto 102
	literal  goto 52
	lval  goto 53
	strings  goto 54


state 72
	expr : expr tEQ . expr  (77)

	tINTEGER  shift 40
	tREAL  shift 41
	tIDENTIFIER  shift 42
	tSTRING  shift 43
	tNULL  shift 44
	'~'  shift 45
	'+'  shift 46
	'-'  shift 47
	'['  shift 48
	'('  shift 49
	'@'  shift 50
	.  error

	expr  goto 103
	literal  goto 52
	lval  goto 53
	strings  goto 54


state 73
	expr : expr tNE . expr  (76)

	tINTEGER  shift 40
	tREAL  shift 41
	tIDENTIFIER  shift 42
	tSTRING  shift 43
	tNULL  shift 44
	'~'  shift 45
	'+'  shift 46
	'-'  shift 47
	'['  shift 48
	'('  shift 49
	'@'  shift 50
	.  error

	expr  goto 104
	literal  goto 52
	lval  goto 53
	strings  goto 54


state 74
	expr : expr tGE . expr  (74)

	tINTEGER  shift 40
	tREAL  shift 41
	tIDENTIFIER  shift 42
	tSTRING  shift 43
	tNULL  shift 44
	'~'  shift 45
	'+'  shift 46
	'-'  shift 47
	'['  shift 48
	'('  shift 49
	'@'  shift 50
	.  error

	expr  goto 105
	literal  goto 52
	lval  goto 53
	strings  goto 54


state 75
	expr : expr tLE . expr  (75)

	tINTEGER  shift 40
	tREAL  shift 41
	tIDENTIFIER  shift 42
	tSTRING  shift 43
	tNULL  shift 44
	'~'  shift 45
	'+'  shift 46
	'-'  shift 47
	'['  shift 48
	'('  shift 49
	'@'  shift 50
	.  error

	expr  goto 106
	literal  goto 52
	lval  goto 53
	strings  goto 54


state 76
	expr : expr '>' . expr  (73)

	tINTEGER  shift 40
	tREAL  shift 41
	tIDENTIFIER  shift 42
	tSTRING  shift 43
	tNULL  shift 44
	'~'  shift 45
	'+'  shift 46
	'-'  shift 47
	'['  shift 48
	'('  shift 49
	'@'  shift 50
	.  error

	expr  goto 107
	literal  goto 52
	lval  goto 53
	strings  goto 54


state 77
	expr : expr '<' . expr  (72)

	tINTEGER  shift 40
	tREAL  shift 41
	tIDENTIFIER  shift 42
	tSTRING  shift 43
	tNULL  shift 44
	'~'  shift 45
	'+'  shift 46
	'-'  shift 47
	'['  shift 48
	'('  shift 49
	'@'  shift 50
	.  error

	expr  goto 108
	literal  goto 52
	lval  goto 53
	strings  goto 54


state 78
	expr : expr '+' . expr  (67)

	tINTEGER  shift 40
	tREAL  shift 41
	tIDENTIFIER  shift 42
	tSTRING  shift 43
	tNULL  shift 44
	'~'  shift 45
	'+'  shift 46
	'-'  shift 47
	'['  shift 48
	'('  shift 49
	'@'  shift 50
	.  error

	expr  goto 109
	literal  goto 52
	lval  goto 53
	strings  goto 54


state 79
	expr : expr '-' . expr  (68)

	tINTEGER  shift 40
	tREAL  shift 41
	tIDENTIFIER  shift 42
	tSTRING  shift 43
	tNULL  shift 44
	'~'  shift 45
	'+'  shift 46
	'-'  shift 47
	'['  shift 48
	'('  shift 49
	'@'  shift 50
	.  error

	expr  goto 110
	literal  goto 52
	lval  goto 53
	strings  goto 54


state 80
	expr : expr '*' . expr  (69)

	tINTEGER  shift 40
	tREAL  shift 41
	tIDENTIFIER  shift 42
	tSTRING  shift 43
	tNULL  shift 44
	'~'  shift 45
	'+'  shift 46
	'-'  shift 47
	'['  shift 48
	'('  shift 49
	'@'  shift 50
	.  error

	expr  goto 111
	literal  goto 52
	lval  goto 53
	strings  goto 54


state 81
	expr : expr '/' . expr  (70)

	tINTEGER  shift 40
	tREAL  shift 41
	tIDENTIFIER  shift 42
	tSTRING  shift 43
	tNULL  shift 44
	'~'  shift 45
	'+'  shift 46
	'-'  shift 47
	'['  shift 48
	'('  shift 49
	'@'  shift 50
	.  error

	expr  goto 112
	literal  goto 52
	lval  goto 53
	strings  goto 54


state 82
	expr : expr '%' . expr  (71)

	tINTEGER  shift 40
	tREAL  shift 41
	tIDENTIFIER  shift 42
	tSTRING  shift 43
	tNULL  shift 44
	'~'  shift 45
	'+'  shift 46
	'-'  shift 47
	'['  shift 48
	'('  shift 49
	'@'  shift 50
	.  error

	expr  goto 113
	literal  goto 52
	lval  goto 53
	strings  goto 54


state 83
	lval : expr '[' . expr ']'  (97)

	tINTEGER  shift 40
	tREAL  shift 41
	tIDENTIFIER  shift 42
	tSTRING  shift 43
	tNULL  shift 44
	'~'  shift 45
	'+'  shift 46
	'-'  shift 47
	'['  shift 48
	'('  shift 49
	'@'  shift 50
	.  error

	expr  goto 114
	literal  goto 52
	lval  goto 53
	strings  goto 54


state 84
	expr : lval '=' . expr  (84)

	tINTEGER  shift 40
	tREAL  shift 41
	tIDENTIFIER  shift 42
	tSTRING  shift 43
	tNULL  shift 44
	'~'  shift 45
	'+'  shift 46
	'-'  shift 47
	'['  shift 48
	'('  shift 49
	'@'  shift 50
	.  error

	expr  goto 115
	literal  goto 52
	lval  goto 53
	strings  goto 54


state 85
	expr : lval '?' .  (66)

	.  reduce 66


state 86
	strings : strings tSTRING .  (95)

	.  reduce 95


state 87
	function : type tIDENTIFIER '(' functionvars ')' . '=' literal body  (21)
	function : type tIDENTIFIER '(' functionvars ')' . body  (23)
	function : type tIDENTIFIER '(' functionvars ')' .  (29)

	'='  shift 116
	'{'  shift 89
	$end  reduce 29
	tPROCEDURE  reduce 29
	tPUBLIC  reduce 29
	tUSE  reduce 29
	tTYPEINT  reduce 29
	tTYPEREAL  reduce 29
	tTYPESTRING  reduce 29
	'['  reduce 29

	body  goto 117
	block  goto 91


state 88
	fvars : fvars ',' fvar .  (18)

	.  reduce 18


state 89
	block : '{' . declsvar instrs '}'  (37)
	block : '{' . declsvar '}'  (38)
	block : '{' . instrs '}'  (39)
	block : '{' . '}'  (40)

	tINTEGER  shift 40
	tREAL  shift 41
	tIDENTIFIER  shift 42
	tSTRING  shift 43
	tWHILE  shift 118
	tNEXT  shift 119
	tSTOP  shift 120
	tRETURN  shift 121
	tIF  shift 122
	tSWEEP  shift 123
	tFROM  shift 124
	tPUBLIC  shift 125
	tUSE  shift 126
	tNULL  shift 44
	tTYPEINT  shift 4
	tTYPEREAL  shift 5
	tTYPESTRING  shift 6
	'~'  shift 45
	'+'  shift 46
	'-'  shift 47
	'['  shift 127
	'('  shift 49
	'{'  shift 89
	'}'  shift 128
	'@'  shift 50
	.  error

	variable  goto 129
	instr  goto 130
	condinstr  goto 131
	loopinstr  goto 132
	declvar  goto 133
	instrs  goto 134
	declsvar  goto 135
	expr  goto 136
	literal  goto 52
	lval  goto 53
	type  goto 137
	block  goto 138
	strings  goto 54


state 90
	function : tPROCEDURE tIDENTIFIER '(' functionvars ')' body .  (25)

	.  reduce 25


state 91
	body : block .  (36)

	.  reduce 36


state 92
	function : tPUBLIC tPROCEDURE tIDENTIFIER '(' functionvars ')' . body  (24)
	function : tPUBLIC tPROCEDURE tIDENTIFIER '(' functionvars ')' .  (27)

	'{'  shift 89
	$end  reduce 27
	tPROCEDURE  reduce 27
	tPUBLIC  reduce 27
	tUSE  reduce 27
	tTYPEINT  reduce 27
	tTYPEREAL  reduce 27
	tTYPESTRING  reduce 27
	'['  reduce 27

	body  goto 139
	block  goto 91


state 93
	function : tPUBLIC type tIDENTIFIER '(' functionvars ')' . '=' literal body  (20)
	function : tPUBLIC type tIDENTIFIER '(' functionvars ')' . body  (22)
	function : tPUBLIC type tIDENTIFIER '(' functionvars ')' .  (26)

	'='  shift 140
	'{'  shift 89
	$end  reduce 26
	tPROCEDURE  reduce 26
	tPUBLIC  reduce 26
	tUSE  reduce 26
	tTYPEINT  reduce 26
	tTYPEREAL  reduce 26
	tTYPESTRING  reduce 26
	'['  reduce 26

	body  goto 141
	block  goto 91


state 94
	function : tUSE tPROCEDURE tIDENTIFIER '(' functionvars ')' .  (30)

	.  reduce 30


state 95
	function : tUSE type tIDENTIFIER '(' functionvars ')' .  (28)

	.  reduce 28


state 96
	exprs : exprs . ',' expr  (87)
	functionargs : exprs .  (88)

	','  shift 142
	')'  reduce 88


state 97
	expr : tIDENTIFIER '(' functionargs . ')'  (85)

	')'  shift 143
	.  error


state 98
	expr : expr . '+' expr  (67)
	expr : expr . '-' expr  (68)
	expr : expr . '*' expr  (69)
	expr : expr . '/' expr  (70)
	expr : expr . '%' expr  (71)
	expr : expr . '<' expr  (72)
	expr : expr . '>' expr  (73)
	expr : expr . tGE expr  (74)
	expr : expr . tLE expr  (75)
	expr : expr . tNE expr  (76)
	expr : expr . tEQ expr  (77)
	expr : expr . '&' expr  (79)
	expr : expr . '|' expr  (80)
	exprs : expr .  (86)
	lval : expr . '[' expr ']'  (97)

	'|'  shift 70
	'&'  shift 71
	tEQ  shift 72
	tNE  shift 73
	tGE  shift 74
	tLE  shift 75
	'>'  shift 76
	'<'  shift 77
	'+'  shift 78
	'-'  shift 79
	'*'  shift 80
	'/'  shift 81
	'%'  shift 82
	'['  shift 83
	','  reduce 86
	')'  reduce 86


state 99
	expr : '[' expr ']' .  (82)

	.  reduce 82


state 100
	expr : '(' expr ')' .  (81)

	.  reduce 81


state 101
	expr : expr . '+' expr  (67)
	expr : expr . '-' expr  (68)
	expr : expr . '*' expr  (69)
	expr : expr . '/' expr  (70)
	expr : expr . '%' expr  (71)
	expr : expr . '<' expr  (72)
	expr : expr . '>' expr  (73)
	expr : expr . tGE expr  (74)
	expr : expr . tLE expr  (75)
	expr : expr . tNE expr  (76)
	expr : expr . tEQ expr  (77)
	expr : expr . '&' expr  (79)
	expr : expr . '|' expr  (80)
	expr : expr '|' expr .  (80)
	lval : expr . '[' expr ']'  (97)

	'&'  shift 71
	tEQ  shift 72
	tNE  shift 73
	tGE  shift 74
	tLE  shift 75
	'>'  shift 76
	'<'  shift 77
	'+'  shift 78
	'-'  shift 79
	'*'  shift 80
	'/'  shift 81
	'%'  shift 82
	'['  shift 83
	tPRINTLINE  reduce 80
	tTO  reduce 80
	tAPPLY  reduce 80
	'|'  reduce 80
	';'  reduce 80
	','  reduce 80
	')'  reduce 80
	']'  reduce 80
	'!'  reduce 80
	':'  reduce 80


state 102
	expr : expr . '+' expr  (67)
	expr : expr . '-' expr  (68)
	expr : expr . '*' expr  (69)
	expr : expr . '/' expr  (70)
	expr : expr . '%' expr  (71)
	expr : expr . '<' expr  (72)
	expr : expr . '>' expr  (73)
	expr : expr . tGE expr  (74)
	expr : expr . tLE expr  (75)
	expr : expr . tNE expr  (76)
	expr : expr . tEQ expr  (77)
	expr : expr . '&' expr  (79)
	expr : expr '&' expr .  (79)
	expr : expr . '|' expr  (80)
	lval : expr . '[' expr ']'  (97)

	tEQ  shift 72
	tNE  shift 73
	tGE  shift 74
	tLE  shift 75
	'>'  shift 76
	'<'  shift 77
	'+'  shift 78
	'-'  shift 79
	'*'  shift 80
	'/'  shift 81
	'%'  shift 82
	'['  shift 83
	tPRINTLINE  reduce 79
	tTO  reduce 79
	tAPPLY  reduce 79
	'|'  reduce 79
	'&'  reduce 79
	';'  reduce 79
	','  reduce 79
	')'  reduce 79
	']'  reduce 79
	'!'  reduce 79
	':'  reduce 79


state 103
	expr : expr . '+' expr  (67)
	expr : expr . '-' expr  (68)
	expr : expr . '*' expr  (69)
	expr : expr . '/' expr  (70)
	expr : expr . '%' expr  (71)
	expr : expr . '<' expr  (72)
	expr : expr . '>' expr  (73)
	expr : expr . tGE expr  (74)
	expr : expr . tLE expr  (75)
	expr : expr . tNE expr  (76)
	expr : expr . tEQ expr  (77)
	expr : expr tEQ expr .  (77)
	expr : expr . '&' expr  (79)
	expr : expr . '|' expr  (80)
	lval : expr . '[' expr ']'  (97)

	tGE  shift 74
	tLE  shift 75
	'>'  shift 76
	'<'  shift 77
	'+'  shift 78
	'-'  shift 79
	'*'  shift 80
	'/'  shift 81
	'%'  shift 82
	'['  shift 83
	tPRINTLINE  reduce 77
	tTO  reduce 77
	tAPPLY  reduce 77
	'|'  reduce 77
	'&'  reduce 77
	tEQ  reduce 77
	tNE  reduce 77
	';'  reduce 77
	','  reduce 77
	')'  reduce 77
	']'  reduce 77
	'!'  reduce 77
	':'  reduce 77


state 104
	expr : expr . '+' expr  (67)
	expr : expr . '-' expr  (68)
	expr : expr . '*' expr  (69)
	expr : expr . '/' expr  (70)
	expr : expr . '%' expr  (71)
	expr : expr . '<' expr  (72)
	expr : expr . '>' expr  (73)
	expr : expr . tGE expr  (74)
	expr : expr . tLE expr  (75)
	expr : expr . tNE expr  (76)
	expr : expr tNE expr .  (76)
	expr : expr . tEQ expr  (77)
	expr : expr . '&' expr  (79)
	expr : expr . '|' expr  (80)
	lval : expr . '[' expr ']'  (97)

	tGE  shift 74
	tLE  shift 75
	'>'  shift 76
	'<'  shift 77
	'+'  shift 78
	'-'  shift 79
	'*'  shift 80
	'/'  shift 81
	'%'  shift 82
	'['  shift 83
	tPRINTLINE  reduce 76
	tTO  reduce 76
	tAPPLY  reduce 76
	'|'  reduce 76
	'&'  reduce 76
	tEQ  reduce 76
	tNE  reduce 76
	';'  reduce 76
	','  reduce 76
	')'  reduce 76
	']'  reduce 76
	'!'  reduce 76
	':'  reduce 76


state 105
	expr : expr . '+' expr  (67)
	expr : expr . '-' expr  (68)
	expr : expr . '*' expr  (69)
	expr : expr . '/' expr  (70)
	expr : expr . '%' expr  (71)
	expr : expr . '<' expr  (72)
	expr : expr . '>' expr  (73)
	expr : expr . tGE expr  (74)
	expr : expr tGE expr .  (74)
	expr : expr . tLE expr  (75)
	expr : expr . tNE expr  (76)
	expr : expr . tEQ expr  (77)
	expr : expr . '&' expr  (79)
	expr : expr . '|' expr  (80)
	lval : expr . '[' expr ']'  (97)

	'+'  shift 78
	'-'  shift 79
	'*'  shift 80
	'/'  shift 81
	'%'  shift 82
	'['  shift 83
	tPRINTLINE  reduce 74
	tTO  reduce 74
	tAPPLY  reduce 74
	'|'  reduce 74
	'&'  reduce 74
	tEQ  reduce 74
	tNE  reduce 74
	tGE  reduce 74
	tLE  reduce 74
	'>'  reduce 74
	'<'  reduce 74
	';'  reduce 74
	','  reduce 74
	')'  reduce 74
	']'  reduce 74
	'!'  reduce 74
	':'  reduce 74


state 106
	expr : expr . '+' expr  (67)
	expr : expr . '-' expr  (68)
	expr : expr . '*' expr  (69)
	expr : expr . '/' expr  (70)
	expr : expr . '%' expr  (71)
	expr : expr . '<' expr  (72)
	expr : expr . '>' expr  (73)
	expr : expr . tGE expr  (74)
	expr : expr . tLE expr  (75)
	expr : expr tLE expr .  (75)
	expr : expr . tNE expr  (76)
	expr : expr . tEQ expr  (77)
	expr : expr . '&' expr  (79)
	expr : expr . '|' expr  (80)
	lval : expr . '[' expr ']'  (97)

	'+'  shift 78
	'-'  shift 79
	'*'  shift 80
	'/'  shift 81
	'%'  shift 82
	'['  shift 83
	tPRINTLINE  reduce 75
	tTO  reduce 75
	tAPPLY  reduce 75
	'|'  reduce 75
	'&'  reduce 75
	tEQ  reduce 75
	tNE  reduce 75
	tGE  reduce 75
	tLE  reduce 75
	'>'  reduce 75
	'<'  reduce 75
	';'  reduce 75
	','  reduce 75
	')'  reduce 75
	']'  reduce 75
	'!'  reduce 75
	':'  reduce 75


state 107
	expr : expr . '+' expr  (67)
	expr : expr . '-' expr  (68)
	expr : expr . '*' expr  (69)
	expr : expr . '/' expr  (70)
	expr : expr . '%' expr  (71)
	expr : expr . '<' expr  (72)
	expr : expr . '>' expr  (73)
	expr : expr '>' expr .  (73)
	expr : expr . tGE expr  (74)
	expr : expr . tLE expr  (75)
	expr : expr . tNE expr  (76)
	expr : expr . tEQ expr  (77)
	expr : expr . '&' expr  (79)
	expr : expr . '|' expr  (80)
	lval : expr . '[' expr ']'  (97)

	'+'  shift 78
	'-'  shift 79
	'*'  shift 80
	'/'  shift 81
	'%'  shift 82
	'['  shift 83
	tPRINTLINE  reduce 73
	tTO  reduce 73
	tAPPLY  reduce 73
	'|'  reduce 73
	'&'  reduce 73
	tEQ  reduce 73
	tNE  reduce 73
	tGE  reduce 73
	tLE  reduce 73
	'>'  reduce 73
	'<'  reduce 73
	';'  reduce 73
	','  reduce 73
	')'  reduce 73
	']'  reduce 73
	'!'  reduce 73
	':'  reduce 73


state 108
	expr : expr . '+' expr  (67)
	expr : expr . '-' expr  (68)
	expr : expr . '*' expr  (69)
	expr : expr . '/' expr  (70)
	expr : expr . '%' expr  (71)
	expr : expr . '<' expr  (72)
	expr : expr '<' expr .  (72)
	expr : expr . '>' expr  (73)
	expr : expr . tGE expr  (74)
	expr : expr . tLE expr  (75)
	expr : expr . tNE expr  (76)
	expr : expr . tEQ expr  (77)
	expr : expr . '&' expr  (79)
	expr : expr . '|' expr  (80)
	lval : expr . '[' expr ']'  (97)

	'+'  shift 78
	'-'  shift 79
	'*'  shift 80
	'/'  shift 81
	'%'  shift 82
	'['  shift 83
	tPRINTLINE  reduce 72
	tTO  reduce 72
	tAPPLY  reduce 72
	'|'  reduce 72
	'&'  reduce 72
	tEQ  reduce 72
	tNE  reduce 72
	tGE  reduce 72
	tLE  reduce 72
	'>'  reduce 72
	'<'  reduce 72
	';'  reduce 72
	','  reduce 72
	')'  reduce 72
	']'  reduce 72
	'!'  reduce 72
	':'  reduce 72


state 109
	expr : expr . '+' expr  (67)
	expr : expr '+' expr .  (67)
	expr : expr . '-' expr  (68)
	expr : expr . '*' expr  (69)
	expr : expr . '/' expr  (70)
	expr : expr . '%' expr  (71)
	expr : expr . '<' expr  (72)
	expr : expr . '>' expr  (73)
	expr : expr . tGE expr  (74)
	expr : expr . tLE expr  (75)
	expr : expr . tNE expr  (76)
	expr : expr . tEQ expr  (77)
	expr : expr . '&' expr  (79)
	expr : expr . '|' expr  (80)
	lval : expr . '[' expr ']'  (97)

	'*'  shift 80
	'/'  shift 81
	'%'  shift 82
	'['  shift 83
	tPRINTLINE  reduce 67
	tTO  reduce 67
	tAPPLY  reduce 67
	'|'  reduce 67
	'&'  reduce 67
	tEQ  reduce 67
	tNE  reduce 67
	tGE  reduce 67
	tLE  reduce 67
	'>'  reduce 67
	'<'  reduce 67
	'+'  reduce 67
	'-'  reduce 67
	';'  reduce 67
	','  reduce 67
	')'  reduce 67
	']'  reduce 67
	'!'  reduce 67
	':'  reduce 67


state 110
	expr : expr . '+' expr  (67)
	expr : expr . '-' expr  (68)
	expr : expr '-' expr .  (68)
	expr : expr . '*' expr  (69)
	expr : expr . '/' expr  (70)
	expr : expr . '%' expr  (71)
	expr : expr . '<' expr  (72)
	expr : expr . '>' expr  (73)
	expr : expr . tGE expr  (74)
	expr : expr . tLE expr  (75)
	expr : expr . tNE expr  (76)
	expr : expr . tEQ expr  (77)
	expr : expr . '&' expr  (79)
	expr : expr . '|' expr  (80)
	lval : expr . '[' expr ']'  (97)

	'*'  shift 80
	'/'  shift 81
	'%'  shift 82
	'['  shift 83
	tPRINTLINE  reduce 68
	tTO  reduce 68
	tAPPLY  reduce 68
	'|'  reduce 68
	'&'  reduce 68
	tEQ  reduce 68
	tNE  reduce 68
	tGE  reduce 68
	tLE  reduce 68
	'>'  reduce 68
	'<'  reduce 68
	'+'  reduce 68
	'-'  reduce 68
	';'  reduce 68
	','  reduce 68
	')'  reduce 68
	']'  reduce 68
	'!'  reduce 68
	':'  reduce 68


state 111
	expr : expr . '+' expr  (67)
	expr : expr . '-' expr  (68)
	expr : expr . '*' expr  (69)
	expr : expr '*' expr .  (69)
	expr : expr . '/' expr  (70)
	expr : expr . '%' expr  (71)
	expr : expr . '<' expr  (72)
	expr : expr . '>' expr  (73)
	expr : expr . tGE expr  (74)
	expr : expr . tLE expr  (75)
	expr : expr . tNE expr  (76)
	expr : expr . tEQ expr  (77)
	expr : expr . '&' expr  (79)
	expr : expr . '|' expr  (80)
	lval : expr . '[' expr ']'  (97)

	'['  shift 83
	tPRINTLINE  reduce 69
	tTO  reduce 69
	tAPPLY  reduce 69
	'|'  reduce 69
	'&'  reduce 69
	tEQ  reduce 69
	tNE  reduce 69
	tGE  reduce 69
	tLE  reduce 69
	'>'  reduce 69
	'<'  reduce 69
	'+'  reduce 69
	'-'  reduce 69
	'*'  reduce 69
	'/'  reduce 69
	'%'  reduce 69
	';'  reduce 69
	','  reduce 69
	')'  reduce 69
	']'  reduce 69
	'!'  reduce 69
	':'  reduce 69


state 112
	expr : expr . '+' expr  (67)
	expr : expr . '-' expr  (68)
	expr : expr . '*' expr  (69)
	expr : expr . '/' expr  (70)
	expr : expr '/' expr .  (70)
	expr : expr . '%' expr  (71)
	expr : expr . '<' expr  (72)
	expr : expr . '>' expr  (73)
	expr : expr . tGE expr  (74)
	expr : expr . tLE expr  (75)
	expr : expr . tNE expr  (76)
	expr : expr . tEQ expr  (77)
	expr : expr . '&' expr  (79)
	expr : expr . '|' expr  (80)
	lval : expr . '[' expr ']'  (97)

	'['  shift 83
	tPRINTLINE  reduce 70
	tTO  reduce 70
	tAPPLY  reduce 70
	'|'  reduce 70
	'&'  reduce 70
	tEQ  reduce 70
	tNE  reduce 70
	tGE  reduce 70
	tLE  reduce 70
	'>'  reduce 70
	'<'  reduce 70
	'+'  reduce 70
	'-'  reduce 70
	'*'  reduce 70
	'/'  reduce 70
	'%'  reduce 70
	';'  reduce 70
	','  reduce 70
	')'  reduce 70
	']'  reduce 70
	'!'  reduce 70
	':'  reduce 70


state 113
	expr : expr . '+' expr  (67)
	expr : expr . '-' expr  (68)
	expr : expr . '*' expr  (69)
	expr : expr . '/' expr  (70)
	expr : expr . '%' expr  (71)
	expr : expr '%' expr .  (71)
	expr : expr . '<' expr  (72)
	expr : expr . '>' expr  (73)
	expr : expr . tGE expr  (74)
	expr : expr . tLE expr  (75)
	expr : expr . tNE expr  (76)
	expr : expr . tEQ expr  (77)
	expr : expr . '&' expr  (79)
	expr : expr . '|' expr  (80)
	lval : expr . '[' expr ']'  (97)

	'['  shift 83
	tPRINTLINE  reduce 71
	tTO  reduce 71
	tAPPLY  reduce 71
	'|'  reduce 71
	'&'  reduce 71
	tEQ  reduce 71
	tNE  reduce 71
	tGE  reduce 71
	tLE  reduce 71
	'>'  reduce 71
	'<'  reduce 71
	'+'  reduce 71
	'-'  reduce 71
	'*'  reduce 71
	'/'  reduce 71
	'%'  reduce 71
	';'  reduce 71
	','  reduce 71
	')'  reduce 71
	']'  reduce 71
	'!'  reduce 71
	':'  reduce 71


state 114
	expr : expr . '+' expr  (67)
	expr : expr . '-' expr  (68)
	expr : expr . '*' expr  (69)
	expr : expr . '/' expr  (70)
	expr : expr . '%' expr  (71)
	expr : expr . '<' expr  (72)
	expr : expr . '>' expr  (73)
	expr : expr . tGE expr  (74)
	expr : expr . tLE expr  (75)
	expr : expr . tNE expr  (76)
	expr : expr . tEQ expr  (77)
	expr : expr . '&' expr  (79)
	expr : expr . '|' expr  (80)
	lval : expr . '[' expr ']'  (97)
	lval : expr '[' expr . ']'  (97)

	'|'  shift 70
	'&'  shift 71
	tEQ  shift 72
	tNE  shift 73
	tGE  shift 74
	tLE  shift 75
	'>'  shift 76
	'<'  shift 77
	'+'  shift 78
	'-'  shift 79
	'*'  shift 80
	'/'  shift 81
	'%'  shift 82
	'['  shift 83
	']'  shift 144
	.  error


state 115
	expr : expr . '+' expr  (67)
	expr : expr . '-' expr  (68)
	expr : expr . '*' expr  (69)
	expr : expr . '/' expr  (70)
	expr : expr . '%' expr  (71)
	expr : expr . '<' expr  (72)
	expr : expr . '>' expr  (73)
	expr : expr . tGE expr  (74)
	expr : expr . tLE expr  (75)
	expr : expr . tNE expr  (76)
	expr : expr . tEQ expr  (77)
	expr : expr . '&' expr  (79)
	expr : expr . '|' expr  (80)
	expr : lval '=' expr .  (84)
	lval : expr . '[' expr ']'  (97)

	'|'  shift 70
	'&'  shift 71
	tEQ  shift 72
	tNE  shift 73
	tGE  shift 74
	tLE  shift 75
	'>'  shift 76
	'<'  shift 77
	'+'  shift 78
	'-'  shift 79
	'*'  shift 80
	'/'  shift 81
	'%'  shift 82
	'['  shift 83
	tPRINTLINE  reduce 84
	tTO  reduce 84
	tAPPLY  reduce 84
	';'  reduce 84
	','  reduce 84
	')'  reduce 84
	']'  reduce 84
	'!'  reduce 84
	':'  reduce 84


state 116
	function : type tIDENTIFIER '(' functionvars ')' '=' . literal body  (21)

	tINTEGER  shift 40
	tREAL  shift 41
	tSTRING  shift 43
	tNULL  shift 44
	.  error

	literal  goto 145
	strings  goto 54


state 117
	function : type tIDENTIFIER '(' functionvars ')' body .  (23)

	.  reduce 23


state 118
	loopinstr : tWHILE . '(' expr ')' instr  (57)

	'('  shift 146
	.  error


state 119
	instr : tNEXT .  (44)

	.  reduce 44


state 120
	instr : tSTOP .  (45)

	.  reduce 45


state 121
	instr : tRETURN .  (46)

	.  reduce 46


state 122
	condinstr : tIF . condinstrelseif  (53)

	'('  shift 147
	.  error

	condinstrelseif  goto 148


state 123
	loopinstr : tSWEEP . '+' '(' lval ':' expr ':' expr ':' expr ')' instr  (58)
	loopinstr : tSWEEP . '+' '(' lval ':' expr ':' expr ')' instr  (59)
	loopinstr : tSWEEP . '-' '(' lval ':' expr ':' expr ':' expr ')' instr  (60)
	loopinstr : tSWEEP . '-' '(' lval ':' expr ':' expr ')' instr  (61)

	'+'  shift 149
	'-'  shift 150
	.  error


state 124
	instr : tFROM . expr tTO expr tAPPLY tIDENTIFIER tTO tIDENTIFIER  (50)

	tINTEGER  shift 40
	tREAL  shift 41
	tIDENTIFIER  shift 42
	tSTRING  shift 43
	tNULL  shift 44
	'~'  shift 45
	'+'  shift 46
	'-'  shift 47
	'['  shift 48
	'('  shift 49
	'@'  shift 50
	.  error

	expr  goto 151
	literal  goto 52
	lval  goto 53
	strings  goto 54


state 125
	variable : tPUBLIC . type tIDENTIFIER '=' expr  (10)
	variable : tPUBLIC . type tIDENTIFIER  (12)

	tTYPEINT  shift 4
	tTYPEREAL  shift 5
	tTYPESTRING  shift 6
	'['  shift 7
	.  error

	type  goto 152


state 126
	variable : tUSE . type tIDENTIFIER  (13)

	tTYPEINT  shift 4
	tTYPEREAL  shift 5
	tTYPESTRING  shift 6
	'['  shift 7
	.  error

	type  goto 153


state 127
	type : '[' . type ']'  (35)
	expr : '[' . expr ']'  (82)

	tINTEGER  shift 40
	tREAL  shift 41
	tIDENTIFIER  shift 42
	tSTRING  shift 43
	tNULL  shift 44
	tTYPEINT  shift 4
	tTYPEREAL  shift 5
	tTYPESTRING  shift 6
	'~'  shift 45
	'+'  shift 46
	'-'  shift 47
	'['  shift 127
	'('  shift 49
	'@'  shift 50
	.  error

	expr  goto 68
	literal  goto 52
	lval  goto 53
	type  goto 19
	strings  goto 54


state 128
	block : '{' '}' .  (40)

	.  reduce 40


state 129
	declvar : variable . ';'  (7)

	';'  shift 154
	.  error


state 130
	instrs : instr .  (51)

	.  reduce 51


state 131
	instr : condinstr .  (47)

	.  reduce 47


state 132
	instr : loopinstr .  (48)

	.  reduce 48


state 133
	declsvar : declvar .  (8)

	.  reduce 8


state 134
	block : '{' instrs . '}'  (39)
	instrs : instrs . instr  (52)

	tINTEGER  shift 40
	tREAL  shift 41
	tIDENTIFIER  shift 42
	tSTRING  shift 43
	tWHILE  shift 118
	tNEXT  shift 119
	tSTOP  shift 120
	tRETURN  shift 121
	tIF  shift 122
	tSWEEP  shift 123
	tFROM  shift 124
	tNULL  shift 44
	'~'  shift 45
	'+'  shift 46
	'-'  shift 47
	'['  shift 48
	'('  shift 49
	'{'  shift 89
	'}'  shift 155
	'@'  shift 50
	.  error

	instr  goto 156
	condinstr  goto 131
	loopinstr  goto 132
	expr  goto 136
	literal  goto 52
	lval  goto 53
	block  goto 138
	strings  goto 54


state 135
	declsvar : declsvar . declvar  (9)
	block : '{' declsvar . instrs '}'  (37)
	block : '{' declsvar . '}'  (38)

	tINTEGER  shift 40
	tREAL  shift 41
	tIDENTIFIER  shift 42
	tSTRING  shift 43
	tWHILE  shift 118
	tNEXT  shift 119
	tSTOP  shift 120
	tRETURN  shift 121
	tIF  shift 122
	tSWEEP  shift 123
	tFROM  shift 124
	tPUBLIC  shift 125
	tUSE  shift 126
	tNULL  shift 44
	tTYPEINT  shift 4
	tTYPEREAL  shift 5
	tTYPESTRING  shift 6
	'~'  shift 45
	'+'  shift 46
	'-'  shift 47
	'['  shift 127
	'('  shift 49
	'{'  shift 89
	'}'  shift 157
	'@'  shift 50
	.  error

	variable  goto 129
	instr  goto 130
	condinstr  goto 131
	loopinstr  goto 132
	declvar  goto 158
	instrs  goto 159
	expr  goto 136
	literal  goto 52
	lval  goto 53
	type  goto 137
	block  goto 138
	strings  goto 54


state 136
	instr : expr . ';'  (41)
	instr : expr . '!'  (42)
	instr : expr . tPRINTLINE  (43)
	expr : expr . '+' expr  (67)
	expr : expr . '-' expr  (68)
	expr : expr . '*' expr  (69)
	expr : expr . '/' expr  (70)
	expr : expr . '%' expr  (71)
	expr : expr . '<' expr  (72)
	expr : expr . '>' expr  (73)
	expr : expr . tGE expr  (74)
	expr : expr . tLE expr  (75)
	expr : expr . tNE expr  (76)
	expr : expr . tEQ expr  (77)
	expr : expr . '&' expr  (79)
	expr : expr . '|' expr  (80)
	lval : expr . '[' expr ']'  (97)

	tPRINTLINE  shift 160
	'|'  shift 70
	'&'  shift 71
	tEQ  shift 72
	tNE  shift 73
	tGE  shift 74
	tLE  shift 75
	'>'  shift 76
	'<'  shift 77
	'+'  shift 78
	'-'  shift 79
	'*'  shift 80
	'/'  shift 81
	'%'  shift 82
	'['  shift 83
	';'  shift 161
	'!'  shift 162
	.  error


state 137
	variable : type . tIDENTIFIER '=' expr  (11)
	variable : type . tIDENTIFIER  (14)

	tIDENTIFIER  shift 163
	.  error


state 138
	instr : block .  (49)

	.  reduce 49


state 139
	function : tPUBLIC tPROCEDURE tIDENTIFIER '(' functionvars ')' body .  (24)

	.  reduce 24


state 140
	function : tPUBLIC type tIDENTIFIER '(' functionvars ')' '=' . literal body  (20)

	tINTEGER  shift 40
	tREAL  shift 41
	tSTRING  shift 43
	tNULL  shift 44
	.  error

	literal  goto 164
	strings  goto 54


state 141
	function : tPUBLIC type tIDENTIFIER '(' functionvars ')' body .  (22)

	.  reduce 22


state 142
	exprs : exprs ',' . expr  (87)

	tINTEGER  shift 40
	tREAL  shift 41
	tIDENTIFIER  shift 42
	tSTRING  shift 43
	tNULL  shift 44
	'~'  shift 45
	'+'  shift 46
	'-'  shift 47
	'['  shift 48
	'('  shift 49
	'@'  shift 50
	.  error

	expr  goto 165
	literal  goto 52
	lval  goto 53
	strings  goto 54


state 143
	expr : tIDENTIFIER '(' functionargs ')' .  (85)

	.  reduce 85


state 144
	lval : expr '[' expr ']' .  (97)

	.  reduce 97


state 145
	function : type tIDENTIFIER '(' functionvars ')' '=' literal . body  (21)

	'{'  shift 89
	.  error

	body  goto 166
	block  goto 91


state 146
	loopinstr : tWHILE '(' . expr ')' instr  (57)

	tINTEGER  shift 40
	tREAL  shift 41
	tIDENTIFIER  shift 42
	tSTRING  shift 43
	tNULL  shift 44
	'~'  shift 45
	'+'  shift 46
	'-'  shift 47
	'['  shift 48
	'('  shift 49
	'@'  shift 50
	.  error

	expr  goto 167
	literal  goto 52
	lval  goto 53
	strings  goto 54


state 147
	condinstrelseif : '(' . expr ')' instr  (54)
	condinstrelseif : '(' . expr ')' instr tELSE instr  (55)
	condinstrelseif : '(' . expr ')' instr tELSIF condinstrelseif  (56)

	tINTEGER  shift 40
	tREAL  shift 41
	tIDENTIFIER  shift 42
	tSTRING  shift 43
	tNULL  shift 44
	'~'  shift 45
	'+'  shift 46
	'-'  shift 47
	'['  shift 48
	'('  shift 49
	'@'  shift 50
	.  error

	expr  goto 168
	literal  goto 52
	lval  goto 53
	strings  goto 54


state 148
	condinstr : tIF condinstrelseif .  (53)

	.  reduce 53


state 149
	loopinstr : tSWEEP '+' . '(' lval ':' expr ':' expr ':' expr ')' instr  (58)
	loopinstr : tSWEEP '+' . '(' lval ':' expr ':' expr ')' instr  (59)

	'('  shift 169
	.  error


state 150
	loopinstr : tSWEEP '-' . '(' lval ':' expr ':' expr ':' expr ')' instr  (60)
	loopinstr : tSWEEP '-' . '(' lval ':' expr ':' expr ')' instr  (61)

	'('  shift 170
	.  error


state 151
	instr : tFROM expr . tTO expr tAPPLY tIDENTIFIER tTO tIDENTIFIER  (50)
	expr : expr . '+' expr  (67)
	expr : expr . '-' expr  (68)
	expr : expr . '*' expr  (69)
	expr : expr . '/' expr  (70)
	expr : expr . '%' expr  (71)
	expr : expr . '<' expr  (72)
	expr : expr . '>' expr  (73)
	expr : expr . tGE expr  (74)
	expr : expr . tLE expr  (75)
	expr : expr . tNE expr  (76)
	expr : expr . tEQ expr  (77)
	expr : expr . '&' expr  (79)
	expr : expr . '|' expr  (80)
	lval : expr . '[' expr ']'  (97)

	tTO  shift 171
	'|'  shift 70
	'&'  shift 71
	tEQ  shift 72
	tNE  shift 73
	tGE  shift 74
	tLE  shift 75
	'>'  shift 76
	'<'  shift 77
	'+'  shift 78
	'-'  shift 79
	'*'  shift 80
	'/'  shift 81
	'%'  shift 82
	'['  shift 83
	.  error


state 152
	variable : tPUBLIC type . tIDENTIFIER '=' expr  (10)
	variable : tPUBLIC type . tIDENTIFIER  (12)

	tIDENTIFIER  shift 172
	.  error


state 153
	variable : tUSE type . tIDENTIFIER  (13)

	tIDENTIFIER  shift 173
	.  error


state 154
	declvar : variable ';' .  (7)

	.  reduce 7


state 155
	block : '{' instrs '}' .  (39)

	.  reduce 39


state 156
	instrs : instrs instr .  (52)

	.  reduce 52


state 157
	block : '{' declsvar '}' .  (38)

	.  reduce 38


state 158
	declsvar : declsvar declvar .  (9)

	.  reduce 9


state 159
	block : '{' declsvar instrs . '}'  (37)
	instrs : instrs . instr  (52)

	tINTEGER  shift 40
	tREAL  shift 41
	tIDENTIFIER  shift 42
	tSTRING  shift 43
	tWHILE  shift 118
	tNEXT  shift 119
	tSTOP  shift 120
	tRETURN  shift 121
	tIF  shift 122
	tSWEEP  shift 123
	tFROM  shift 124
	tNULL  shift 44
	'~'  shift 45
	'+'  shift 46
	'-'  shift 47
	'['  shift 48
	'('  shift 49
	'{'  shift 89
	'}'  shift 174
	'@'  shift 50
	.  error

	instr  goto 156
	condinstr  goto 131
	loopinstr  goto 132
	expr  goto 136
	literal  goto 52
	lval  goto 53
	block  goto 138
	strings  goto 54


state 160
	instr : expr tPRINTLINE .  (43)

	.  reduce 43


state 161
	instr : expr ';' .  (41)

	.  reduce 41


state 162
	instr : expr '!' .  (42)

	.  reduce 42


state 163
	variable : type tIDENTIFIER . '=' expr  (11)
	variable : type tIDENTIFIER .  (14)

	'='  shift 29
	';'  reduce 14


state 164
	function : tPUBLIC type tIDENTIFIER '(' functionvars ')' '=' literal . body  (20)

	'{'  shift 89
	.  error

	body  goto 175
	block  goto 91


state 165
	expr : expr . '+' expr  (67)
	expr : expr . '-' expr  (68)
	expr : expr . '*' expr  (69)
	expr : expr . '/' expr  (70)
	expr : expr . '%' expr  (71)
	expr : expr . '<' expr  (72)
	expr : expr . '>' expr  (73)
	expr : expr . tGE expr  (74)
	expr : expr . tLE expr  (75)
	expr : expr . tNE expr  (76)
	expr : expr . tEQ expr  (77)
	expr : expr . '&' expr  (79)
	expr : expr . '|' expr  (80)
	exprs : exprs ',' expr .  (87)
	lval : expr . '[' expr ']'  (97)

	'|'  shift 70
	'&'  shift 71
	tEQ  shift 72
	tNE  shift 73
	tGE  shift 74
	tLE  shift 75
	'>'  shift 76
	'<'  shift 77
	'+'  shift 78
	'-'  shift 79
	'*'  shift 80
	'/'  shift 81
	'%'  shift 82
	'['  shift 83
	','  reduce 87
	')'  reduce 87


state 166
	function : type tIDENTIFIER '(' functionvars ')' '=' literal body .  (21)

	.  reduce 21


state 167
	loopinstr : tWHILE '(' expr . ')' instr  (57)
	expr : expr . '+' expr  (67)
	expr : expr . '-' expr  (68)
	expr : expr . '*' expr  (69)
	expr : expr . '/' expr  (70)
	expr : expr . '%' expr  (71)
	expr : expr . '<' expr  (72)
	expr : expr . '>' expr  (73)
	expr : expr . tGE expr  (74)
	expr : expr . tLE expr  (75)
	expr : expr . tNE expr  (76)
	expr : expr . tEQ expr  (77)
	expr : expr . '&' expr  (79)
	expr : expr . '|' expr  (80)
	lval : expr . '[' expr ']'  (97)

	'|'  shift 70
	'&'  shift 71
	tEQ  shift 72
	tNE  shift 73
	tGE  shift 74
	tLE  shift 75
	'>'  shift 76
	'<'  shift 77
	'+'  shift 78
	'-'  shift 79
	'*'  shift 80
	'/'  shift 81
	'%'  shift 82
	'['  shift 83
	')'  shift 176
	.  error


state 168
	condinstrelseif : '(' expr . ')' instr  (54)
	condinstrelseif : '(' expr . ')' instr tELSE instr  (55)
	condinstrelseif : '(' expr . ')' instr tELSIF condinstrelseif  (56)
	expr : expr . '+' expr  (67)
	expr : expr . '-' expr  (68)
	expr : expr . '*' expr  (69)
	expr : expr . '/' expr  (70)
	expr : expr . '%' expr  (71)
	expr : expr . '<' expr  (72)
	expr : expr . '>' expr  (73)
	expr : expr . tGE expr  (74)
	expr : expr . tLE expr  (75)
	expr : expr . tNE expr  (76)
	expr : expr . tEQ expr  (77)
	expr : expr . '&' expr  (79)
	expr : expr . '|' expr  (80)
	lval : expr . '[' expr ']'  (97)

	'|'  shift 70
	'&'  shift 71
	tEQ  shift 72
	tNE  shift 73
	tGE  shift 74
	tLE  shift 75
	'>'  shift 76
	'<'  shift 77
	'+'  shift 78
	'-'  shift 79
	'*'  shift 80
	'/'  shift 81
	'%'  shift 82
	'['  shift 83
	')'  shift 177
	.  error


state 169
	loopinstr : tSWEEP '+' '(' . lval ':' expr ':' expr ':' expr ')' instr  (58)
	loopinstr : tSWEEP '+' '(' . lval ':' expr ':' expr ')' instr  (59)

	tINTEGER  shift 40
	tREAL  shift 41
	tIDENTIFIER  shift 42
	tSTRING  shift 43
	tNULL  shift 44
	'~'  shift 45
	'+'  shift 46
	'-'  shift 47
	'['  shift 48
	'('  shift 49
	'@'  shift 50
	.  error

	expr  goto 178
	literal  goto 52
	lval  goto 179
	strings  goto 54


state 170
	loopinstr : tSWEEP '-' '(' . lval ':' expr ':' expr ':' expr ')' instr  (60)
	loopinstr : tSWEEP '-' '(' . lval ':' expr ':' expr ')' instr  (61)

	tINTEGER  shift 40
	tREAL  shift 41
	tIDENTIFIER  shift 42
	tSTRING  shift 43
	tNULL  shift 44
	'~'  shift 45
	'+'  shift 46
	'-'  shift 47
	'['  shift 48
	'('  shift 49
	'@'  shift 50
	.  error

	expr  goto 178
	literal  goto 52
	lval  goto 180
	strings  goto 54


state 171
	instr : tFROM expr tTO . expr tAPPLY tIDENTIFIER tTO tIDENTIFIER  (50)

	tINTEGER  shift 40
	tREAL  shift 41
	tIDENTIFIER  shift 42
	tSTRING  shift 43
	tNULL  shift 44
	'~'  shift 45
	'+'  shift 46
	'-'  shift 47
	'['  shift 48
	'('  shift 49
	'@'  shift 50
	.  error

	expr  goto 181
	literal  goto 52
	lval  goto 53
	strings  goto 54


state 172
	variable : tPUBLIC type tIDENTIFIER . '=' expr  (10)
	variable : tPUBLIC type tIDENTIFIER .  (12)

	'='  shift 36
	';'  reduce 12


state 173
	variable : tUSE type tIDENTIFIER .  (13)

	.  reduce 13


state 174
	block : '{' declsvar instrs '}' .  (37)

	.  reduce 37


state 175
	function : tPUBLIC type tIDENTIFIER '(' functionvars ')' '=' literal body .  (20)

	.  reduce 20


state 176
	loopinstr : tWHILE '(' expr ')' . instr  (57)

	tINTEGER  shift 40
	tREAL  shift 41
	tIDENTIFIER  shift 42
	tSTRING  shift 43
	tWHILE  shift 118
	tNEXT  shift 119
	tSTOP  shift 120
	tRETURN  shift 121
	tIF  shift 122
	tSWEEP  shift 123
	tFROM  shift 124
	tNULL  shift 44
	'~'  shift 45
	'+'  shift 46
	'-'  shift 47
	'['  shift 48
	'('  shift 49
	'{'  shift 89
	'@'  shift 50
	.  error

	instr  goto 182
	condinstr  goto 131
	loopinstr  goto 132
	expr  goto 136
	literal  goto 52
	lval  goto 53
	block  goto 138
	strings  goto 54


state 177
	condinstrelseif : '(' expr ')' . instr  (54)
	condinstrelseif : '(' expr ')' . instr tELSE instr  (55)
	condinstrelseif : '(' expr ')' . instr tELSIF condinstrelseif  (56)

	tINTEGER  shift 40
	tREAL  shift 41
	tIDENTIFIER  shift 42
	tSTRING  shift 43
	tWHILE  shift 118
	tNEXT  shift 119
	tSTOP  shift 120
	tRETURN  shift 121
	tIF  shift 122
	tSWEEP  shift 123
	tFROM  shift 124
	tNULL  shift 44
	'~'  shift 45
	'+'  shift 46
	'-'  shift 47
	'['  shift 48
	'('  shift 49
	'{'  shift 89
	'@'  shift 50
	.  error

	instr  goto 183
	condinstr  goto 131
	loopinstr  goto 132
	expr  goto 136
	literal  goto 52
	lval  goto 53
	block  goto 138
	strings  goto 54


state 178
	expr : expr . '+' expr  (67)
	expr : expr . '-' expr  (68)
	expr : expr . '*' expr  (69)
	expr : expr . '/' expr  (70)
	expr : expr . '%' expr  (71)
	expr : expr . '<' expr  (72)
	expr : expr . '>' expr  (73)
	expr : expr . tGE expr  (74)
	expr : expr . tLE expr  (75)
	expr : expr . tNE expr  (76)
	expr : expr . tEQ expr  (77)
	expr : expr . '&' expr  (79)
	expr : expr . '|' expr  (80)
	lval : expr . '[' expr ']'  (97)

	'|'  shift 70
	'&'  shift 71
	tEQ  shift 72
	tNE  shift 73
	tGE  shift 74
	tLE  shift 75
	'>'  shift 76
	'<'  shift 77
	'+'  shift 78
	'-'  shift 79
	'*'  shift 80
	'/'  shift 81
	'%'  shift 82
	'['  shift 83
	.  error


state 179
	loopinstr : tSWEEP '+' '(' lval . ':' expr ':' expr ':' expr ')' instr  (58)
	loopinstr : tSWEEP '+' '(' lval . ':' expr ':' expr ')' instr  (59)
	expr : lval . '?'  (66)
	expr : lval .  (83)
	expr : lval . '=' expr  (84)

	'='  shift 84
	'?'  shift 85
	':'  shift 184
	'|'  reduce 83
	'&'  reduce 83
	tEQ  reduce 83
	tNE  reduce 83
	tGE  reduce 83
	tLE  reduce 83
	'>'  reduce 83
	'<'  reduce 83
	'+'  reduce 83
	'-'  reduce 83
	'*'  reduce 83
	'/'  reduce 83
	'%'  reduce 83
	'['  reduce 83


state 180
	loopinstr : tSWEEP '-' '(' lval . ':' expr ':' expr ':' expr ')' instr  (60)
	loopinstr : tSWEEP '-' '(' lval . ':' expr ':' expr ')' instr  (61)
	expr : lval . '?'  (66)
	expr : lval .  (83)
	expr : lval . '=' expr  (84)

	'='  shift 84
	'?'  shift 85
	':'  shift 185
	'|'  reduce 83
	'&'  reduce 83
	tEQ  reduce 83
	tNE  reduce 83
	tGE  reduce 83
	tLE  reduce 83
	'>'  reduce 83
	'<'  reduce 83
	'+'  reduce 83
	'-'  reduce 83
	'*'  reduce 83
	'/'  reduce 83
	'%'  reduce 83
	'['  reduce 83


state 181
	instr : tFROM expr tTO expr . tAPPLY tIDENTIFIER tTO tIDENTIFIER  (50)
	expr : expr . '+' expr  (67)
	expr : expr . '-' expr  (68)
	expr : expr . '*' expr  (69)
	expr : expr . '/' expr  (70)
	expr : expr . '%' expr  (71)
	expr : expr . '<' expr  (72)
	expr : expr . '>' expr  (73)
	expr : expr . tGE expr  (74)
	expr : expr . tLE expr  (75)
	expr : expr . tNE expr  (76)
	expr : expr . tEQ expr  (77)
	expr : expr . '&' expr  (79)
	expr : expr . '|' expr  (80)
	lval : expr . '[' expr ']'  (97)

	tAPPLY  shift 186
	'|'  shift 70
	'&'  shift 71
	tEQ  shift 72
	tNE  shift 73
	tGE  shift 74
	tLE  shift 75
	'>'  shift 76
	'<'  shift 77
	'+'  shift 78
	'-'  shift 79
	'*'  shift 80
	'/'  shift 81
	'%'  shift 82
	'['  shift 83
	.  error


state 182
	loopinstr : tWHILE '(' expr ')' instr .  (57)

	.  reduce 57


state 183
	condinstrelseif : '(' expr ')' instr .  (54)
	condinstrelseif : '(' expr ')' instr . tELSE instr  (55)
	condinstrelseif : '(' expr ')' instr . tELSIF condinstrelseif  (56)

	tELSIF  shift 187
	tELSE  shift 188
	tINTEGER  reduce 54
	tREAL  reduce 54
	tIDENTIFIER  reduce 54
	tSTRING  reduce 54
	tWHILE  reduce 54
	tNEXT  reduce 54
	tSTOP  reduce 54
	tRETURN  reduce 54
	tIF  reduce 54
	tSWEEP  reduce 54
	tFROM  reduce 54
	tNULL  reduce 54
	'~'  reduce 54
	'+'  reduce 54
	'-'  reduce 54
	'['  reduce 54
	'('  reduce 54
	'{'  reduce 54
	'}'  reduce 54
	'@'  reduce 54


state 184
	loopinstr : tSWEEP '+' '(' lval ':' . expr ':' expr ':' expr ')' instr  (58)
	loopinstr : tSWEEP '+' '(' lval ':' . expr ':' expr ')' instr  (59)

	tINTEGER  shift 40
	tREAL  shift 41
	tIDENTIFIER  shift 42
	tSTRING  shift 43
	tNULL  shift 44
	'~'  shift 45
	'+'  shift 46
	'-'  shift 47
	'['  shift 48
	'('  shift 49
	'@'  shift 50
	.  error

	expr  goto 189
	literal  goto 52
	lval  goto 53
	strings  goto 54


state 185
	loopinstr : tSWEEP '-' '(' lval ':' . expr ':' expr ':' expr ')' instr  (60)
	loopinstr : tSWEEP '-' '(' lval ':' . expr ':' expr ')' instr  (61)

	tINTEGER  shift 40
	tREAL  shift 41
	tIDENTIFIER  shift 42
	tSTRING  shift 43
	tNULL  shift 44
	'~'  shift 45
	'+'  shift 46
	'-'  shift 47
	'['  shift 48
	'('  shift 49
	'@'  shift 50
	.  error

	expr  goto 190
	literal  goto 52
	lval  goto 53
	strings  goto 54


state 186
	instr : tFROM expr tTO expr tAPPLY . tIDENTIFIER tTO tIDENTIFIER  (50)

	tIDENTIFIER  shift 191
	.  error


state 187
	condinstrelseif : '(' expr ')' instr tELSIF . condinstrelseif  (56)

	'('  shift 147
	.  error

	condinstrelseif  goto 192


state 188
	condinstrelseif : '(' expr ')' instr tELSE . instr  (55)

	tINTEGER  shift 40
	tREAL  shift 41
	tIDENTIFIER  shift 42
	tSTRING  shift 43
	tWHILE  shift 118
	tNEXT  shift 119
	tSTOP  shift 120
	tRETURN  shift 121
	tIF  shift 122
	tSWEEP  shift 123
	tFROM  shift 124
	tNULL  shift 44
	'~'  shift 45
	'+'  shift 46
	'-'  shift 47
	'['  shift 48
	'('  shift 49
	'{'  shift 89
	'@'  shift 50
	.  error

	instr  goto 193
	condinstr  goto 131
	loopinstr  goto 132
	expr  goto 136
	literal  goto 52
	lval  goto 53
	block  goto 138
	strings  goto 54


state 189
	loopinstr : tSWEEP '+' '(' lval ':' expr . ':' expr ':' expr ')' instr  (58)
	loopinstr : tSWEEP '+' '(' lval ':' expr . ':' expr ')' instr  (59)
	expr : expr . '+' expr  (67)
	expr : expr . '-' expr  (68)
	expr : expr . '*' expr  (69)
	expr : expr . '/' expr  (70)
	expr : expr . '%' expr  (71)
	expr : expr . '<' expr  (72)
	expr : expr . '>' expr  (73)
	expr : expr . tGE expr  (74)
	expr : expr . tLE expr  (75)
	expr : expr . tNE expr  (76)
	expr : expr . tEQ expr  (77)
	expr : expr . '&' expr  (79)
	expr : expr . '|' expr  (80)
	lval : expr . '[' expr ']'  (97)

	'|'  shift 70
	'&'  shift 71
	tEQ  shift 72
	tNE  shift 73
	tGE  shift 74
	tLE  shift 75
	'>'  shift 76
	'<'  shift 77
	'+'  shift 78
	'-'  shift 79
	'*'  shift 80
	'/'  shift 81
	'%'  shift 82
	'['  shift 83
	':'  shift 194
	.  error


state 190
	loopinstr : tSWEEP '-' '(' lval ':' expr . ':' expr ':' expr ')' instr  (60)
	loopinstr : tSWEEP '-' '(' lval ':' expr . ':' expr ')' instr  (61)
	expr : expr . '+' expr  (67)
	expr : expr . '-' expr  (68)
	expr : expr . '*' expr  (69)
	expr : expr . '/' expr  (70)
	expr : expr . '%' expr  (71)
	expr : expr . '<' expr  (72)
	expr : expr . '>' expr  (73)
	expr : expr . tGE expr  (74)
	expr : expr . tLE expr  (75)
	expr : expr . tNE expr  (76)
	expr : expr . tEQ expr  (77)
	expr : expr . '&' expr  (79)
	expr : expr . '|' expr  (80)
	lval : expr . '[' expr ']'  (97)

	'|'  shift 70
	'&'  shift 71
	tEQ  shift 72
	tNE  shift 73
	tGE  shift 74
	tLE  shift 75
	'>'  shift 76
	'<'  shift 77
	'+'  shift 78
	'-'  shift 79
	'*'  shift 80
	'/'  shift 81
	'%'  shift 82
	'['  shift 83
	':'  shift 195
	.  error


state 191
	instr : tFROM expr tTO expr tAPPLY tIDENTIFIER . tTO tIDENTIFIER  (50)

	tTO  shift 196
	.  error


state 192
	condinstrelseif : '(' expr ')' instr tELSIF condinstrelseif .  (56)

	.  reduce 56


state 193
	condinstrelseif : '(' expr ')' instr tELSE instr .  (55)

	.  reduce 55


state 194
	loopinstr : tSWEEP '+' '(' lval ':' expr ':' . expr ':' expr ')' instr  (58)
	loopinstr : tSWEEP '+' '(' lval ':' expr ':' . expr ')' instr  (59)

	tINTEGER  shift 40
	tREAL  shift 41
	tIDENTIFIER  shift 42
	tSTRING  shift 43
	tNULL  shift 44
	'~'  shift 45
	'+'  shift 46
	'-'  shift 47
	'['  shift 48
	'('  shift 49
	'@'  shift 50
	.  error

	expr  goto 197
	literal  goto 52
	lval  goto 53
	strings  goto 54


state 195
	loopinstr : tSWEEP '-' '(' lval ':' expr ':' . expr ':' expr ')' instr  (60)
	loopinstr : tSWEEP '-' '(' lval ':' expr ':' . expr ')' instr  (61)

	tINTEGER  shift 40
	tREAL  shift 41
	tIDENTIFIER  shift 42
	tSTRING  shift 43
	tNULL  shift 44
	'~'  shift 45
	'+'  shift 46
	'-'  shift 47
	'['  shift 48
	'('  shift 49
	'@'  shift 50
	.  error

	expr  goto 198
	literal  goto 52
	lval  goto 53
	strings  goto 54


state 196
	instr : tFROM expr tTO expr tAPPLY tIDENTIFIER tTO . tIDENTIFIER  (50)

	tIDENTIFIER  shift 199
	.  error


state 197
	loopinstr : tSWEEP '+' '(' lval ':' expr ':' expr . ':' expr ')' instr  (58)
	loopinstr : tSWEEP '+' '(' lval ':' expr ':' expr . ')' instr  (59)
	expr : expr . '+' expr  (67)
	expr : expr . '-' expr  (68)
	expr : expr . '*' expr  (69)
	expr : expr . '/' expr  (70)
	expr : expr . '%' expr  (71)
	expr : expr . '<' expr  (72)
	expr : expr . '>' expr  (73)
	expr : expr . tGE expr  (74)
	expr : expr . tLE expr  (75)
	expr : expr . tNE expr  (76)
	expr : expr . tEQ expr  (77)
	expr : expr . '&' expr  (79)
	expr : expr . '|' expr  (80)
	lval : expr . '[' expr ']'  (97)

	'|'  shift 70
	'&'  shift 71
	tEQ  shift 72
	tNE  shift 73
	tGE  shift 74
	tLE  shift 75
	'>'  shift 76
	'<'  shift 77
	'+'  shift 78
	'-'  shift 79
	'*'  shift 80
	'/'  shift 81
	'%'  shift 82
	'['  shift 83
	')'  shift 200
	':'  shift 201
	.  error


state 198
	loopinstr : tSWEEP '-' '(' lval ':' expr ':' expr . ':' expr ')' instr  (60)
	loopinstr : tSWEEP '-' '(' lval ':' expr ':' expr . ')' instr  (61)
	expr : expr . '+' expr  (67)
	expr : expr . '-' expr  (68)
	expr : expr . '*' expr  (69)
	expr : expr . '/' expr  (70)
	expr : expr . '%' expr  (71)
	expr : expr . '<' expr  (72)
	expr : expr . '>' expr  (73)
	expr : expr . tGE expr  (74)
	expr : expr . tLE expr  (75)
	expr : expr . tNE expr  (76)
	expr : expr . tEQ expr  (77)
	expr : expr . '&' expr  (79)
	expr : expr . '|' expr  (80)
	lval : expr . '[' expr ']'  (97)

	'|'  shift 70
	'&'  shift 71
	tEQ  shift 72
	tNE  shift 73
	tGE  shift 74
	tLE  shift 75
	'>'  shift 76
	'<'  shift 77
	'+'  shift 78
	'-'  shift 79
	'*'  shift 80
	'/'  shift 81
	'%'  shift 82
	'['  shift 83
	')'  shift 202
	':'  shift 203
	.  error


state 199
	instr : tFROM expr tTO expr tAPPLY tIDENTIFIER tTO tIDENTIFIER .  (50)

	.  reduce 50


state 200
	loopinstr : tSWEEP '+' '(' lval ':' expr ':' expr ')' . instr  (59)

	tINTEGER  shift 40
	tREAL  shift 41
	tIDENTIFIER  shift 42
	tSTRING  shift 43
	tWHILE  shift 118
	tNEXT  shift 119
	tSTOP  shift 120
	tRETURN  shift 121
	tIF  shift 122
	tSWEEP  shift 123
	tFROM  shift 124
	tNULL  shift 44
	'~'  shift 45
	'+'  shift 46
	'-'  shift 47
	'['  shift 48
	'('  shift 49
	'{'  shift 89
	'@'  shift 50
	.  error

	instr  goto 204
	condinstr  goto 131
	loopinstr  goto 132
	expr  goto 136
	literal  goto 52
	lval  goto 53
	block  goto 138
	strings  goto 54


state 201
	loopinstr : tSWEEP '+' '(' lval ':' expr ':' expr ':' . expr ')' instr  (58)

	tINTEGER  shift 40
	tREAL  shift 41
	tIDENTIFIER  shift 42
	tSTRING  shift 43
	tNULL  shift 44
	'~'  shift 45
	'+'  shift 46
	'-'  shift 47
	'['  shift 48
	'('  shift 49
	'@'  shift 50
	.  error

	expr  goto 205
	literal  goto 52
	lval  goto 53
	strings  goto 54


state 202
	loopinstr : tSWEEP '-' '(' lval ':' expr ':' expr ')' . instr  (61)

	tINTEGER  shift 40
	tREAL  shift 41
	tIDENTIFIER  shift 42
	tSTRING  shift 43
	tWHILE  shift 118
	tNEXT  shift 119
	tSTOP  shift 120
	tRETURN  shift 121
	tIF  shift 122
	tSWEEP  shift 123
	tFROM  shift 124
	tNULL  shift 44
	'~'  shift 45
	'+'  shift 46
	'-'  shift 47
	'['  shift 48
	'('  shift 49
	'{'  shift 89
	'@'  shift 50
	.  error

	instr  goto 206
	condinstr  goto 131
	loopinstr  goto 132
	expr  goto 136
	literal  goto 52
	lval  goto 53
	block  goto 138
	strings  goto 54


state 203
	loopinstr : tSWEEP '-' '(' lval ':' expr ':' expr ':' . expr ')' instr  (60)

	tINTEGER  shift 40
	tREAL  shift 41
	tIDENTIFIER  shift 42
	tSTRING  shift 43
	tNULL  shift 44
	'~'  shift 45
	'+'  shift 46
	'-'  shift 47
	'['  shift 48
	'('  shift 49
	'@'  shift 50
	.  error

	expr  goto 207
	literal  goto 52
	lval  goto 53
	strings  goto 54


state 204
	loopinstr : tSWEEP '+' '(' lval ':' expr ':' expr ')' instr .  (59)

	.  reduce 59


state 205
	loopinstr : tSWEEP '+' '(' lval ':' expr ':' expr ':' expr . ')' instr  (58)
	expr : expr . '+' expr  (67)
	expr : expr . '-' expr  (68)
	expr : expr . '*' expr  (69)
	expr : expr . '/' expr  (70)
	expr : expr . '%' expr  (71)
	expr : expr . '<' expr  (72)
	expr : expr . '>' expr  (73)
	expr : expr . tGE expr  (74)
	expr : expr . tLE expr  (75)
	expr : expr . tNE expr  (76)
	expr : expr . tEQ expr  (77)
	expr : expr . '&' expr  (79)
	expr : expr . '|' expr  (80)
	lval : expr . '[' expr ']'  (97)

	'|'  shift 70
	'&'  shift 71
	tEQ  shift 72
	tNE  shift 73
	tGE  shift 74
	tLE  shift 75
	'>'  shift 76
	'<'  shift 77
	'+'  shift 78
	'-'  shift 79
	'*'  shift 80
	'/'  shift 81
	'%'  shift 82
	'['  shift 83
	')'  shift 208
	.  error


state 206
	loopinstr : tSWEEP '-' '(' lval ':' expr ':' expr ')' instr .  (61)

	.  reduce 61


state 207
	loopinstr : tSWEEP '-' '(' lval ':' expr ':' expr ':' expr . ')' instr  (60)
	expr : expr . '+' expr  (67)
	expr : expr . '-' expr  (68)
	expr : expr . '*' expr  (69)
	expr : expr . '/' expr  (70)
	expr : expr . '%' expr  (71)
	expr : expr . '<' expr  (72)
	expr : expr . '>' expr  (73)
	expr : expr . tGE expr  (74)
	expr : expr . tLE expr  (75)
	expr : expr . tNE expr  (76)
	expr : expr . tEQ expr  (77)
	expr : expr . '&' expr  (79)
	expr : expr . '|' expr  (80)
	lval : expr . '[' expr ']'  (97)

	'|'  shift 70
	'&'  shift 71
	tEQ  shift 72
	tNE  shift 73
	tGE  shift 74
	tLE  shift 75
	'>'  shift 76
	'<'  shift 77
	'+'  shift 78
	'-'  shift 79
	'*'  shift 80
	'/'  shift 81
	'%'  shift 82
	'['  shift 83
	')'  shift 209
	.  error


state 208
	loopinstr : tSWEEP '+' '(' lval ':' expr ':' expr ':' expr ')' . instr  (58)

	tINTEGER  shift 40
	tREAL  shift 41
	tIDENTIFIER  shift 42
	tSTRING  shift 43
	tWHILE  shift 118
	tNEXT  shift 119
	tSTOP  shift 120
	tRETURN  shift 121
	tIF  shift 122
	tSWEEP  shift 123
	tFROM  shift 124
	tNULL  shift 44
	'~'  shift 45
	'+'  shift 46
	'-'  shift 47
	'['  shift 48
	'('  shift 49
	'{'  shift 89
	'@'  shift 50
	.  error

	instr  goto 210
	condinstr  goto 131
	loopinstr  goto 132
	expr  goto 136
	literal  goto 52
	lval  goto 53
	block  goto 138
	strings  goto 54


state 209
	loopinstr : tSWEEP '-' '(' lval ':' expr ':' expr ':' expr ')' . instr  (60)

	tINTEGER  shift 40
	tREAL  shift 41
	tIDENTIFIER  shift 42
	tSTRING  shift 43
	tWHILE  shift 118
	tNEXT  shift 119
	tSTOP  shift 120
	tRETURN  shift 121
	tIF  shift 122
	tSWEEP  shift 123
	tFROM  shift 124
	tNULL  shift 44
	'~'  shift 45
	'+'  shift 46
	'-'  shift 47
	'['  shift 48
	'('  shift 49
	'{'  shift 89
	'@'  shift 50
	.  error

	instr  goto 211
	condinstr  goto 131
	loopinstr  goto 132
	expr  goto 136
	literal  goto 52
	lval  goto 53
	block  goto 138
	strings  goto 54


state 210
	loopinstr : tSWEEP '+' '(' lval ':' expr ':' expr ':' expr ')' instr .  (58)

	.  reduce 58


state 211
	loopinstr : tSWEEP '-' '(' lval ':' expr ':' expr ':' expr ')' instr .  (60)

	.  reduce 60


54 terminals, 25 nonterminals
98 grammar rules, 212 states
